\BOOKMARK [0][-]{chapter.1}{\376\377\000W\000s\000t\001\031\000p}{}% 1
\BOOKMARK [1][-]{section.1.1}{\376\377\000w\000p\000r\000o\000w\000a\000d\000z\000e\000n\000i\000e\000\040\000w\000\040\000z\000a\000g\000a\000d\000n\000i\000e\000n\000i\000e}{chapter.1}% 2
\BOOKMARK [1][-]{section.1.2}{\376\377\000c\000e\000l\000\040\000p\000r\000a\000c\000y}{chapter.1}% 3
\BOOKMARK [1][-]{section.1.3}{\376\377\000c\000h\000a\000r\000a\000k\000t\000e\000r\000y\000s\000t\000y\000k\000a\000\040\000r\000o\000z\000d\000z\000i\000a\001\102\000\363\000w}{chapter.1}% 4
\BOOKMARK [0][-]{chapter.2}{\376\377\000D\000e\000f\000i\000n\000i\000o\000w\000a\000n\000i\000e\000\040\000w\000y\000m\000a\000g\000a\001\104}{}% 5
\BOOKMARK [1][-]{section.2.1}{\376\377\000F\000o\000r\000m\000a\000t\000y\000\040\000p\000l\000i\000k\000\363\000w\000\040\000w\000y\000s\000t\001\031\000p\000u\000j\001\005\000c\000e\000\040\000w\000\040\000p\000r\000a\000c\000y}{chapter.2}% 6
\BOOKMARK [2][-]{subsection.2.1.1}{\376\377\000P\000l\000i\000k\000i\000\040\000P\000D\000F}{section.2.1}% 7
\BOOKMARK [2][-]{subsection.2.1.2}{\376\377\000P\000l\000i\000k\000i\000\040\000C\000S\000V}{section.2.1}% 8
\BOOKMARK [1][-]{section.2.2}{\376\377\000P\000r\000z\000e\000g\000l\001\005\000d\000\040\000t\000y\000p\000\363\000w\000\040\000d\000a\000n\000y\000c\000h\000\040\000d\000o\000\040\000i\000m\000p\000o\000r\000t\000o\000w\000a\000n\000i\000a}{chapter.2}% 9
\BOOKMARK [0][-]{chapter.3}{\376\377\000B\000a\000d\000a\000n\000i\000e\000\040\000i\000s\000t\000n\000i\000e\000j\001\005\000c\000y\000c\000h\000\040\000r\000o\000z\000w\000i\001\005\000z\000a\001\104}{}% 10
\BOOKMARK [1][-]{section.3.1}{\376\377\000P\000r\000z\000e\000g\000l\001\005\000d\000\040\000i\000s\000t\000n\000i\000e\000j\001\005\000c\000y\000c\000h\000\040\000m\000o\000d\000u\001\102\000\363\000w\000\040\000i\000\040\000b\000i\000b\000l\000i\000o\000t\000e\000k\000\040\000d\000o\000\040\000i\000m\000p\000o\000r\000t\000o\000w\000a\000n\000i\000a\000\040\000d\000a\000n\000y\000c\000h\000\040\000z\000\040\000P\000D\000F}{chapter.3}% 11
\BOOKMARK [1][-]{section.3.2}{\376\377\000F\000u\000n\000k\000c\000j\000e\000\040\000i\000s\000t\000n\000i\000e\000j\001\005\000c\000y\000c\000h\000\040\000r\000o\000z\000w\000i\001\005\000z\000a\001\104}{chapter.3}% 12
\BOOKMARK [1][-]{section.3.3}{\376\377\000O\000c\000e\000n\000y\000\040\000u\001\174\000y\000t\000k\000o\000w\000n\000i\000k\000\363\000w\000\040\000i\000\040\000o\000p\000i\000n\000i\000e\000\040\000n\000a\000\040\000t\000e\000m\000a\000t\000\040\000i\000s\000t\000n\000i\000e\000j\001\005\000c\000y\000c\000h\000\040\000r\000o\000z\000w\000i\001\005\000z\000a\001\104}{chapter.3}% 13
\BOOKMARK [0][-]{chapter.4}{\376\377\000O\000c\000e\000n\000a\000\040\000d\000o\000s\000t\001\031\000p\000n\000y\000c\000h\000\040\000o\000p\000c\000j\000i}{}% 14
\BOOKMARK [1][-]{section.4.1}{\376\377\000P\000o\000r\000\363\000w\000n\000a\000n\000i\000e\000\040\000i\000s\000t\000n\000i\000e\000j\001\005\000c\000y\000c\000h\000\040\000r\000o\000z\000w\000i\001\005\000z\000a\001\104\000\040\000n\000a\000\040\000p\000o\000d\000s\000t\000a\000w\000i\000e\000\040\000z\000d\000e\000f\000i\000n\000i\000o\000w\000a\000n\000y\000c\000h\000\040\000w\000y\000m\000a\000g\000a\001\104}{chapter.4}% 15
\BOOKMARK [0][-]{chapter.5}{\376\377\000R\000o\000z\000w\000\363\000j\000\040\000i\000s\000t\000n\000i\000e\000j\001\005\000c\000y\000c\000h\000\040\000r\000o\000z\000w\000i\001\005\000z\000a\001\104}{}% 16
\BOOKMARK [1][-]{section.5.1}{\376\377\000R\000o\000z\000w\000a\001\174\000a\000n\000i\000a\000\040\000d\000o\000t\000y\000c\000z\001\005\000c\000e\000\040\000b\000u\000d\000o\000w\000y\000\040\000n\000i\000e\000s\000t\000a\000n\000d\000a\000r\000d\000o\000w\000e\000g\000o\000\040\000m\000o\000d\000u\001\102\000u}{chapter.5}% 17
\BOOKMARK [1][-]{section.5.2}{\376\377\000Z\000a\000s\000o\000b\000y\000\040\000i\000\040\000u\000m\000i\000e\000j\001\031\000t\000n\000o\001\133\000c\000i\000\040\000w\000y\000m\000a\000g\000a\000n\000e\000\040\000d\000o\000\040\000r\000o\000z\000w\000o\000j\000u\000\040\000i\000\040\000u\000t\000r\000z\000y\000m\000a\000n\000i\000a\000\040\000m\000o\000d\000u\001\102\000u}{chapter.5}% 18
\BOOKMARK [0][-]{chapter.6}{\376\377\000R\000o\000z\000w\000\363\000j\000\040\000w\000y\000b\000r\000a\000n\000e\000g\000o\000\040\000r\000o\000z\000w\000i\001\005\000z\000a\000n\000i\000a}{}% 19
\BOOKMARK [1][-]{section.6.1}{\376\377\000T\000e\000s\000t\000o\000w\000a\000n\000i\000e\000\040\000w\000y\000b\000r\000a\000n\000e\000g\000o\000\040\000r\000o\000z\000w\000i\001\005\000z\000a\000n\000i\000a}{chapter.6}% 20
\BOOKMARK [1][-]{section.6.2}{\376\377\000U\000d\000o\000s\000k\000o\000n\000a\000l\000e\000n\000i\000e\000\040\000w\000y\000b\000r\000a\000n\000e\000g\000o\000\040\000r\000o\000z\000w\000i\001\005\000z\000a\000n\000i\000a\000\040\000n\000a\000\040\000p\000o\000d\000s\000t\000a\000w\000i\000e\000\040\000n\000a\000p\000o\000t\000k\000a\000n\000y\000c\000h\000\040\000p\000r\000o\000b\000l\000e\000m\000\363\000w}{chapter.6}% 21
\BOOKMARK [0][-]{chapter.7}{\376\377\000D\000o\000k\000u\000m\000e\000n\000t\000a\000c\000j\000a\000\040\000i\000\040\000u\000d\000o\000s\000t\001\031\000p\000n\000i\000a\000n\000i\000e\000\040\000w\000y\000b\000r\000a\000n\000e\000g\000o\000\040\000r\000o\000z\000w\000i\001\005\000z\000a\000n\000i\000a}{}% 22
\BOOKMARK [1][-]{section.7.1}{\376\377\000D\000o\000k\000u\000m\000e\000n\000t\000a\000c\000j\000a\000\040\000r\000o\000z\000w\000i\001\005\000z\000a\000n\000i\000a}{chapter.7}% 23
\BOOKMARK [1][-]{section.7.2}{\376\377\000U\000d\000o\000s\000t\001\031\000p\000n\000i\000a\000n\000i\000e\000\040\000r\000o\000z\000w\000i\001\005\000z\000a\000n\000i\000a\000\040\000j\000a\000k\000o\000\040\000p\000r\000o\000j\000e\000k\000t\000u\000\040\000o\000p\000e\000n\000-\000s\000o\000u\000r\000c\000e}{chapter.7}% 24
\BOOKMARK [0][-]{chapter.8}{\376\377\000P\000o\000d\000s\000u\000m\000o\000w\000a\000n\000i\000e}{}% 25
\BOOKMARK [1][-]{section.8.1}{\376\377\000P\000o\000d\000s\000u\000m\000o\000w\000a\000n\000i\000e\000\040\000b\000a\000d\000a\000n\000i\000a}{chapter.8}% 26
\BOOKMARK [1][-]{section.8.2}{\376\377\000I\000m\000p\000l\000i\000k\000a\000c\000j\000e\000\040\000d\000l\000a\000\040\000p\000r\000z\000y\000s\000z\001\102\000e\000j\000\040\000p\000r\000a\000c\000y}{chapter.8}% 27
\BOOKMARK [0][-]{chapter*.10}{\376\377\000B\000i\000b\000l\000i\000o\000g\000r\000a\000f\000i\000a}{}% 28
\BOOKMARK [0][-]{appendix*.11}{\376\377\000S\000p\000i\000s\000\040\000s\000k\000r\000\363\000t\000\363\000w\000\040\000i\000\040\000s\000y\000m\000b\000o\000l\000i}{}% 29
\BOOKMARK [0][-]{appendix*.12}{\376\377\000L\000i\000s\000t\000a\000\040\000d\000o\000d\000a\000t\000k\000o\000w\000y\000c\000h\000\040\000p\000l\000i\000k\000\363\000w\000,\000\040\000u\000z\000u\000p\000e\001\102\000n\000i\000a\000j\001\005\000c\000y\000c\000h\000\040\000t\000e\000k\000s\000t\000\040\000p\000r\000a\000c\000y\000\040\000\050\000j\000e\001\174\000e\000l\000i\000\040\000d\000o\000t\000y\000c\000z\000y\000\051}{}% 30
\BOOKMARK [0][-]{appendix*.13}{\376\377\000S\000p\000i\000s\000\040\000r\000y\000s\000u\000n\000k\000\363\000w}{}% 31
\BOOKMARK [0][-]{appendix*.14}{\376\377\000S\000p\000i\000s\000\040\000t\000a\000b\000e\000l}{}% 32
